{"contracts/Assessment.sol":{"l":{"19":0,"20":0,"24":0,"28":0,"29":0,"30":0,"36":0,"37":0,"38":0,"40":0,"41":0,"45":0,"50":0,"51":0,"52":0,"53":0,"54":0,"58":0,"59":0,"60":0,"61":0,"65":0,"66":0,"67":0,"68":0},"path":"/home/aniket/dapps_dev/Module_2_Dapp/contracts/Assessment.sol","s":{"1":0,"2":0,"3":0,"4":0,"5":0,"6":0,"7":0,"8":0,"9":0,"10":0,"11":0,"12":0,"13":0,"14":0,"15":0},"b":{"1":[0,0],"2":[0,0],"3":[0,0],"4":[0,0],"5":[0,0],"6":[0,0],"7":[0,0]},"f":{"1":0,"2":0,"3":0,"4":0,"5":0,"6":0,"7":0,"8":0},"fnMap":{"1":{"name":"constructor","line":18,"loc":{"start":{"line":18,"column":4},"end":{"line":21,"column":4}}},"2":{"name":"getBalance","line":23,"loc":{"start":{"line":23,"column":4},"end":{"line":25,"column":4}}},"3":{"name":"deposit","line":27,"loc":{"start":{"line":27,"column":4},"end":{"line":31,"column":4}}},"4":{"name":"withdraw","line":35,"loc":{"start":{"line":35,"column":4},"end":{"line":42,"column":4}}},"5":{"name":"isOwner","line":44,"loc":{"start":{"line":44,"column":4},"end":{"line":46,"column":4}}},"6":{"name":"transferOwnership","line":48,"loc":{"start":{"line":48,"column":4},"end":{"line":55,"column":4}}},"7":{"name":"lockTokens","line":57,"loc":{"start":{"line":57,"column":4},"end":{"line":62,"column":4}}},"8":{"name":"unlockTokens","line":64,"loc":{"start":{"line":64,"column":4},"end":{"line":69,"column":4}}}},"statementMap":{"1":{"start":{"line":24,"column":8},"end":{"line":24,"column":22}},"2":{"start":{"line":28,"column":8},"end":{"line":28,"column":65}},"3":{"start":{"line":30,"column":8},"end":{"line":30,"column":29}},"4":{"start":{"line":36,"column":8},"end":{"line":36,"column":65}},"5":{"start":{"line":37,"column":8},"end":{"line":37,"column":1091}},"6":{"start":{"line":41,"column":8},"end":{"line":41,"column":38}},"7":{"start":{"line":45,"column":8},"end":{"line":45,"column":32}},"8":{"start":{"line":50,"column":8},"end":{"line":50,"column":65}},"9":{"start":{"line":51,"column":8},"end":{"line":51,"column":68}},"10":{"start":{"line":52,"column":8},"end":{"line":52,"column":46}},"11":{"start":{"line":54,"column":8},"end":{"line":54,"column":60}},"12":{"start":{"line":58,"column":8},"end":{"line":58,"column":73}},"13":{"start":{"line":61,"column":8},"end":{"line":61,"column":46}},"14":{"start":{"line":65,"column":8},"end":{"line":65,"column":90}},"15":{"start":{"line":68,"column":8},"end":{"line":68,"column":48}}},"branchMap":{"1":{"line":28,"type":"if","locations":[{"start":{"line":28,"column":8},"end":{"line":28,"column":8}},{"start":{"line":28,"column":8},"end":{"line":28,"column":8}}]},"2":{"line":36,"type":"if","locations":[{"start":{"line":36,"column":8},"end":{"line":36,"column":8}},{"start":{"line":36,"column":8},"end":{"line":36,"column":8}}]},"3":{"line":37,"type":"if","locations":[{"start":{"line":37,"column":8},"end":{"line":37,"column":8}},{"start":{"line":37,"column":8},"end":{"line":37,"column":8}}]},"4":{"line":50,"type":"if","locations":[{"start":{"line":50,"column":8},"end":{"line":50,"column":8}},{"start":{"line":50,"column":8},"end":{"line":50,"column":8}}]},"5":{"line":51,"type":"if","locations":[{"start":{"line":51,"column":8},"end":{"line":51,"column":8}},{"start":{"line":51,"column":8},"end":{"line":51,"column":8}}]},"6":{"line":58,"type":"if","locations":[{"start":{"line":58,"column":8},"end":{"line":58,"column":8}},{"start":{"line":58,"column":8},"end":{"line":58,"column":8}}]},"7":{"line":65,"type":"if","locations":[{"start":{"line":65,"column":8},"end":{"line":65,"column":8}},{"start":{"line":65,"column":8},"end":{"line":65,"column":8}}]}}}}